2026-06-08T20:30:11 WARN ... GlobalExceptionHandler : event=BUSINESS_ERROR code=BREAD_002 status=409 method=POST path=/api/orders message="Bread sold out"
2026-06-08T20:31:02 WARN ... GlobalExceptionHandler : event=AUTH_ERROR code=AUTH_002 status=401 method=GET path=/api/users/me message="Expired token"
2026-06-08T20:31:45 ERROR ... GlobalExceptionHandler : event=EXTERNAL_API_ERROR code=PAY_001 status=500 method=POST path=/api/payments/confirm message="Payment failed"
2026-06-08T20:32:10 WARN ... GlobalExceptionHandler : event=AUTH_ERROR code=AUTH_002 status=401 method=GET path=/api/users/me message="Expired token"
2026-06-08T20:32:44 WARN ... GlobalExceptionHandler : event=BUSINESS_ERROR code=BREAD_002 status=409 method=POST path=/api/orders message="Bread sold out"
2026-06-08T20:33:18 WARN ... GlobalExceptionHandler : event=BUSINESS_ERROR code=CART_001 status=400 method=POST path=/api/cart/items message="Invalid quantity"
2026-06-08T20:34:01 WARN ... GlobalExceptionHandler : event=BUSINESS_ERROR code=USER_404 status=404 method=GET path=/api/users/42 message="User not found"
2026-06-08T20:35:22 ERROR ... GlobalExceptionHandler : event=EXTERNAL_API_ERROR code=PAY_001 status=500 method=POST path=/api/payments/confirm message="Payment failed"
2026-06-08T20:36:07 WARN ... GlobalExceptionHandler : event=AUTH_ERROR code=AUTH_001 status=403 method=DELETE path=/api/orders/100 message="Forbidden"
2026-06-08T20:37:49 ERROR ... GlobalExceptionHandler : event=SYSTEM_ERROR code=ORDER_500 status=500 method=POST path=/api/orders message="Unexpected order error"
2026-06-08T20:38:40 WARN ... GlobalExceptionHandler : event=AUTH_ERROR code=AUTH_002 status=401 method=GET path=/api/users/me message="Expired token"
2026-06-08T20:39:11 WARN ... GlobalExceptionHandler : event=VALIDATION_ERROR code=ORDER_001 status=400 method=POST path=/api/orders message="Invalid order request"
2026-06-08T20:39:33 WARN ... GlobalExceptionHandler : event=BUSINESS_ERROR code=BREAD_002 status=409 method=POST path=/api/orders message="Bread sold out"
2026-06-08T20:40:02 ERROR ... GlobalExceptionHandler : event=EXTERNAL_API_ERROR code=PAY_002 status=502 method=POST path=/api/payments/confirm message="Payment gateway timeout"
2026-06-08T20:40:45 WARN ... GlobalExceptionHandler : event=BUSINESS_ERROR code=CART_001 status=400 method=POST path=/api/cart/items message="Invalid quantity"
2026-06-08T20:41:18 WARN ... GlobalExceptionHandler : event=AUTH_ERROR code=AUTH_001 status=403 method=PATCH path=/api/users/me message="Forbidden"
2026-06-08T20:41:57 WARN ... GlobalExceptionHandler : event=BUSINESS_ERROR code=COUPON_001 status=409 method=POST path=/api/coupons/apply message="Coupon expired"
2026-06-08T20:42:21 WARN ... GlobalExceptionHandler : event=BUSINESS_ERROR code=COUPON_001 status=409 method=POST path=/api/coupons/apply message="Coupon expired"
2026-06-08T20:43:06 ERROR ... GlobalExceptionHandler : event=SYSTEM_ERROR code=ORDER_500 status=500 method=POST path=/api/orders message="Unexpected order error"
2026-06-08T20:43:44 WARN ... GlobalExceptionHandler : event=BUSINESS_ERROR code=USER_404 status=404 method=GET path=/api/users/77 message="User not found"
2026-06-08T20:44:15 WARN ... GlobalExceptionHandler : event=AUTH_ERROR code=AUTH_002 status=401 method=GET path=/api/users/me message="Expired token"
2026-06-08T20:44:59 WARN ... GlobalExceptionHandler : event=VALIDATION_ERROR code=PROFILE_001 status=400 method=PATCH path=/api/users/me message="Invalid profile value"
2026-06-08T20:45:30 ERROR ... GlobalExceptionHandler : event=EXTERNAL_API_ERROR code=PAY_001 status=500 method=POST path=/api/payments/confirm message="Payment failed"
2026-06-08T20:46:12 WARN ... GlobalExceptionHandler : event=BUSINESS_ERROR code=ORDER_404 status=404 method=GET path=/api/orders/200 message="Order not found"
2026-06-08T20:46:58 WARN ... GlobalExceptionHandler : event=BUSINESS_ERROR code=BREAD_003 status=409 method=PATCH path=/api/breads/12/stock message="Stock update conflict"
2026-06-08T20:47:35 WARN ... GlobalExceptionHandler : event=AUTH_ERROR code=AUTH_003 status=401 method=POST path=/api/auth/refresh message="Refresh token expired"
2026-06-08T20:48:04 ERROR ... GlobalExceptionHandler : event=SYSTEM_ERROR code=DB_001 status=500 method=GET path=/api/products message="Database query failed"
2026-06-08T20:48:39 WARN ... GlobalExceptionHandler : event=VALIDATION_ERROR code=CART_002 status=400 method=DELETE path=/api/cart/items/12 message="Invalid cart item"
2026-06-08T20:49:20 WARN ... GlobalExceptionHandler : event=BUSINESS_ERROR code=BREAD_002 status=409 method=POST path=/api/orders message="Bread sold out"
2026-06-08T20:50:03 ERROR ... GlobalExceptionHandler : event=EXTERNAL_API_ERROR code=SHIP_001 status=503 method=POST path=/api/shipments message="Shipping provider unavailable"
2026-06-08T20:50:46 WARN ... GlobalExceptionHandler : event=AUTH_ERROR code=AUTH_001 status=403 method=DELETE path=/api/admin/users/7 message="Forbidden"
2026-06-08T20:51:11 WARN ... GlobalExceptionHandler : event=BUSINESS_ERROR code=ORDER_409 status=409 method=POST path=/api/orders/200/cancel message="Order cannot be canceled"
2026-06-08T20:51:52 WARN ... GlobalExceptionHandler : event=VALIDATION_ERROR code=PAY_003 status=400 method=POST path=/api/payments/confirm message="Invalid payment amount"
2026-06-08T20:52:28 ERROR ... GlobalExceptionHandler : event=SYSTEM_ERROR code=FILE_001 status=500 method=POST path=/api/files message="File upload failed"
2026-06-08T20:53:09 WARN ... GlobalExceptionHandler : event=BUSINESS_ERROR code=REVIEW_001 status=409 method=POST path=/api/reviews message="Review already exists"
2026-06-08T20:53:47 WARN ... GlobalExceptionHandler : event=AUTH_ERROR code=AUTH_002 status=401 method=GET path=/api/users/me message="Expired token"
broken spring log without required key value fields
this line is intentionally malformed
